POSTGRES_LOG

2026-02-17 11:58:16.596 UTC [3404323] LOG:  shutting down

2026-02-17 11:58:31.418 UTC [3423989] LOG:  starting PostgreSQL 17.8 (Debian 17.8-1.pgdg13+1) on x86_64-pc-linux-gnu, compiled by gcc (Debian 14.2.0-19) 14.2.0, 64-bit

2026-02-17 14:23:37.247 UTC [3432771] kkiarie@odoo15sandbox ERROR:  could not serialize access due to concurrent update

2026-02-17 14:31:46.427 UTC [3432771] kkiarie@odoo15sandbox ERROR:  could not serialize access due to concurrent update

2026-02-17 14:32:17.398 UTC [3432771] kkiarie@odoo15sandbox ERROR:  could not serialize access due to concurrent update

2026-02-17 14:35:18.966 UTC [3432750] kkiarie@odoo15sandbox ERROR:  duplicate key value violates unique constraint "fuel_voucher_lpo_voucher_number_unique"

2026-02-17 14:35:19.352 UTC [3424181] kkiarie@odoo15sandbox ERROR:  duplicate key value violates unique constraint "fuel_voucher_lpo_voucher_number_unique"

2026-02-17 14:35:45.504 UTC [3424181] kkiarie@odoo15sandbox ERROR:  duplicate key value violates unique constraint "fuel_voucher_lpo_voucher_number_unique"

2026-02-17 14:35:49.380 UTC [3424181] kkiarie@odoo15sandbox ERROR:  duplicate key value violates unique constraint "fuel_voucher_lpo_voucher_number_unique"

NGINX_LOG

ODOO_LOG

2026-02-17 00:38:39,493 3375185 INFO odoo15sandbox werkzeug: 127.0.0.1 - - [17/Feb/2026 00:38:39] "GET /.env HTTP/1.0" 404 - 10 0.006 0.016

2026-02-17 01:24:01,672 3375185 INFO odoo15sandbox werkzeug: 127.0.0.1 - - [17/Feb/2026 01:24:01] "GET /robots.txt HTTP/1.0" 404 - 11 0.013 0.046

2026-02-17 01:24:02,802 3375185 INFO odoo15sandbox werkzeug: 127.0.0.1 - - [17/Feb/2026 01:24:02] "GET /robots.txt HTTP/1.0" 404 - 11 0.006 0.016

2026-02-17 08:47:25,186 3375185 INFO odoo15sandbox werkzeug: 127.0.0.1 - - [17/Feb/2026 08:47:25] "GET /robots.txt HTTP/1.0" 404 - 11 0.011 0.020

2026-02-17 11:43:02,675 3375185 INFO odoo15sandbox werkzeug: 127.0.0.1 - - [17/Feb/2026 11:43:02] "GET /robots.txt HTTP/1.0" 404 - 11 0.008 0.019

2026-02-17 11:58:16,589 3375185 ERROR ? odoo.addons.bus.models.bus: Bus.loop error, sleep and retry 

2026-02-17 11:58:30,969 3375185 WARNING odoo15sandbox odoo.http: 404 Not Found: The requested URL was not found on the server. If you entered the URL manually please check your spelling and try again. 

2026-02-17 11:58:30,971 3375185 INFO odoo15sandbox werkzeug: 127.0.0.1 - - [17/Feb/2026 11:58:30] "POST /longpolling/poll HTTP/1.0" 404 - 0 0.000 0.004

2026-02-17 14:23:37,247 3375185 ERROR odoo15sandbox odoo.sql_db: bad query: UPDATE "account_move" SET "partner_type"='Vendor',"write_date"='2026-02-17 14:23:36.845481',"write_uid"=37 WHERE id IN (16931)

2026-02-17 14:24:13,404 3375185 INFO ? werkzeug: 127.0.0.1 - - [17/Feb/2026 14:24:13] "GET /note/static/description/icon.png HTTP/1.0" 200 - - - -

2026-02-17 14:24:57,404 3375185 INFO odoo15sandbox werkzeug: 127.0.0.1 - - [17/Feb/2026 14:24:57] "POST /mail/thread/data HTTP/1.0" 200 - 9 0.052 0.028

2026-02-17 14:24:58,026 3375185 ERROR odoo15sandbox odoo.addons.base.models.ir_model: Missing model auditlog.rule 

2026-02-17 14:24:58,031 3375185 ERROR odoo15sandbox odoo.addons.base.models.ir_model: Missing model auditlog.log 

2026-02-17 14:24:58,164 3375185 ERROR odoo15sandbox odoo.addons.base.models.ir_model: Missing model auditlog.log.line.view 

2026-02-17 14:24:58,215 3375185 ERROR odoo15sandbox odoo.addons.base.models.ir_model: Missing model auditlog.http.session 

2026-02-17 14:24:58,238 3375185 ERROR odoo15sandbox odoo.addons.base.models.ir_model: Missing model auditlog.http.request 

2026-02-17 14:28:06,829 3375185 WARNING odoo15sandbox odoo.addons.base.models.ir_actions_report: wkhtmltopdf: Exit with code 1 due to network error: ContentNotFoundError

2026-02-17 14:28:09,151 3375185 WARNING odoo15sandbox odoo.addons.base.models.ir_actions_report: wkhtmltopdf: Exit with code 1 due to network error: ContentNotFoundError

2026-02-17 14:28:19,520 3375185 WARNING odoo15sandbox odoo.addons.base.models.ir_actions_report: wkhtmltopdf: Exit with code 1 due to network error: ContentNotFoundError

2026-02-17 14:28:21,806 3375185 WARNING odoo15sandbox odoo.addons.base.models.ir_actions_report: wkhtmltopdf: Exit with code 1 due to network error: ContentNotFoundError

2026-02-17 14:30:39,404 3375185 INFO odoo15sandbox werkzeug: 127.0.0.1 - - [17/Feb/2026 14:30:39] "POST /web/dataset/call_kw/carrier.order/read HTTP/1.0" 200 - 4 0.002 0.010

2026-02-17 14:31:46,427 3375185 ERROR odoo15sandbox odoo.sql_db: bad query: UPDATE "fleet_vehicle" SET "write_date"='2026-02-17 14:31:45.586954',"write_uid"=37 WHERE id IN (5888, 6532, 6408, 6281, 6539, 6543, 5665, 6057, 6442, 6452, 5691, 5437, 6091, 6477, 6221, 5459, 5474, 5477, 6125, 5487, 6384, 6385, 5498, 5503)

2026-02-17 14:32:17,398 3375185 ERROR odoo15sandbox odoo.sql_db: bad query: UPDATE "quatrix_dispatch" SET "status"='cancel',"write_date"='2026-02-17 14:32:17.106191',"write_uid"=37 WHERE id IN (10224)

2026-02-17 14:32:22,404 3375185 INFO odoo15sandbox werkzeug: 127.0.0.1 - - [17/Feb/2026 14:32:22] "GET /web/binary/company_logo HTTP/1.0" 200 - 2 0.001 0.023

2026-02-17 14:34:06,107 3375185 ERROR odoo15sandbox odoo.osv.expression: Non-stored field quatrix.dispatch.fuel_voucher_count cannot be searched. 

2026-02-17 14:34:06,111 3375185 ERROR odoo15sandbox odoo.osv.expression: Non-stored field purchase.dispatch.fuel_voucher_count cannot be searched. 

2026-02-17 14:34:06,120 3375185 ERROR odoo15sandbox odoo.osv.expression: Non-stored field quatrix.dispatch.fuel_voucher_count cannot be searched. 

2026-02-17 14:34:06,123 3375185 ERROR odoo15sandbox odoo.osv.expression: Non-stored field purchase.dispatch.fuel_voucher_count cannot be searched. 

2026-02-17 14:34:08,789 3375185 ERROR odoo15sandbox odoo.osv.expression: Non-stored field quatrix.dispatch.fuel_voucher_count cannot be searched. 

2026-02-17 14:34:08,793 3375185 ERROR odoo15sandbox odoo.osv.expression: Non-stored field purchase.dispatch.fuel_voucher_count cannot be searched. 

2026-02-17 14:34:08,798 3375185 ERROR odoo15sandbox odoo.osv.expression: Non-stored field quatrix.dispatch.fuel_voucher_count cannot be searched. 

2026-02-17 14:34:08,801 3375185 ERROR odoo15sandbox odoo.osv.expression: Non-stored field purchase.dispatch.fuel_voucher_count cannot be searched. 

2026-02-17 14:34:25,156 3375185 ERROR odoo15sandbox odoo.osv.expression: Non-stored field quatrix.dispatch.fuel_voucher_count cannot be searched. 

2026-02-17 14:34:25,159 3375185 ERROR odoo15sandbox odoo.osv.expression: Non-stored field purchase.dispatch.fuel_voucher_count cannot be searched. 

2026-02-17 14:34:25,357 3375185 ERROR odoo15sandbox odoo.osv.expression: Non-stored field quatrix.dispatch.fuel_voucher_count cannot be searched. 

2026-02-17 14:34:25,360 3375185 ERROR odoo15sandbox odoo.osv.expression: Non-stored field purchase.dispatch.fuel_voucher_count cannot be searched. 

2026-02-17 14:34:25,687 3375185 ERROR odoo15sandbox odoo.osv.expression: Non-stored field quatrix.dispatch.fuel_voucher_count cannot be searched. 

2026-02-17 14:34:25,690 3375185 ERROR odoo15sandbox odoo.osv.expression: Non-stored field purchase.dispatch.fuel_voucher_count cannot be searched. 

2026-02-17 14:34:25,694 3375185 ERROR odoo15sandbox odoo.osv.expression: Non-stored field quatrix.dispatch.fuel_voucher_count cannot be searched. 

2026-02-17 14:34:25,697 3375185 ERROR odoo15sandbox odoo.osv.expression: Non-stored field purchase.dispatch.fuel_voucher_count cannot be searched. 

2026-02-17 14:34:25,701 3375185 ERROR odoo15sandbox odoo.osv.expression: Non-stored field quatrix.dispatch.fuel_voucher_count cannot be searched. 

2026-02-17 14:34:25,705 3375185 ERROR odoo15sandbox odoo.osv.expression: Non-stored field purchase.dispatch.fuel_voucher_count cannot be searched. 

2026-02-17 14:34:30,244 3375185 ERROR odoo15sandbox odoo.osv.expression: Non-stored field quatrix.dispatch.fuel_voucher_count cannot be searched. 

2026-02-17 14:34:30,247 3375185 ERROR odoo15sandbox odoo.osv.expression: Non-stored field purchase.dispatch.fuel_voucher_count cannot be searched. 

2026-02-17 14:34:30,405 3375185 ERROR odoo15sandbox odoo.osv.expression: Non-stored field quatrix.dispatch.fuel_voucher_count cannot be searched. 

2026-02-17 14:34:30,407 3375185 ERROR odoo15sandbox odoo.osv.expression: Non-stored field purchase.dispatch.fuel_voucher_count cannot be searched. 

2026-02-17 14:34:30,673 3375185 ERROR odoo15sandbox odoo.osv.expression: Non-stored field quatrix.dispatch.fuel_voucher_count cannot be searched. 

2026-02-17 14:34:30,677 3375185 ERROR odoo15sandbox odoo.osv.expression: Non-stored field purchase.dispatch.fuel_voucher_count cannot be searched. 

2026-02-17 14:34:30,681 3375185 ERROR odoo15sandbox odoo.osv.expression: Non-stored field quatrix.dispatch.fuel_voucher_count cannot be searched. 

2026-02-17 14:34:30,684 3375185 ERROR odoo15sandbox odoo.osv.expression: Non-stored field purchase.dispatch.fuel_voucher_count cannot be searched. 

2026-02-17 14:34:30,687 3375185 ERROR odoo15sandbox odoo.osv.expression: Non-stored field quatrix.dispatch.fuel_voucher_count cannot be searched. 

2026-02-17 14:34:30,690 3375185 ERROR odoo15sandbox odoo.osv.expression: Non-stored field purchase.dispatch.fuel_voucher_count cannot be searched. 

2026-02-17 14:34:53,157 3375185 ERROR odoo15sandbox odoo.osv.expression: Non-stored field quatrix.dispatch.fuel_voucher_count cannot be searched. 

2026-02-17 14:34:53,161 3375185 ERROR odoo15sandbox odoo.osv.expression: Non-stored field purchase.dispatch.fuel_voucher_count cannot be searched. 

2026-02-17 14:35:18,966 3375185 ERROR odoo15sandbox odoo.sql_db: bad query: INSERT INTO "fuel_voucher" ("id", "company_id", "create_date", "create_uid", "date", "driver_phone_number", "lpo_voucher_number", "name", "status", "vehicle_id", "write_date", "write_uid") VALUES (nextval('fuel_voucher_id_seq'), 1, '2026-02-17 14:35:18.957792', 37, '2026-02-17 14:35:14', '254112291144', 'test123', 'FO3935', 'draft', 5602, '2026-02-17 14:35:18.957792', 37) RETURNING id

2026-02-17 14:35:19,352 3375185 ERROR odoo15sandbox odoo.sql_db: bad query: INSERT INTO "fuel_voucher" ("id", "company_id", "create_date", "create_uid", "date", "driver_phone_number", "lpo_voucher_number", "name", "status", "vehicle_id", "write_date", "write_uid") VALUES (nextval('fuel_voucher_id_seq'), 1, '2026-02-17 14:35:19.348118', 37, '2026-02-17 14:35:14', '254112291144', 'test123', 'FO3936', 'draft', 5602, '2026-02-17 14:35:19.348118', 37) RETURNING id

2026-02-17 14:35:45,505 3375185 ERROR odoo15sandbox odoo.sql_db: bad query: UPDATE "fuel_voucher" SET "driver_phone_number"='254122291144',"lpo_voucher_number"='test123 edit',"vehicle_id"=5602,"write_date"='2026-02-17 14:35:45.503408',"write_uid"=37 WHERE id IN (3932)

2026-02-17 14:35:49,380 3375185 ERROR odoo15sandbox odoo.sql_db: bad query: UPDATE "fuel_voucher" SET "driver_phone_number"='254122291144',"lpo_voucher_number"='test123 edit',"vehicle_id"=5602,"write_date"='2026-02-17 14:35:49.379175',"write_uid"=37 WHERE id IN (3932)

